Oct 07, 2022 11:19:59 AM org.glassfish.jaxb.runtime.v2.runtime.reflect.opt.Injector <clinit>
SEVERE: null
java.security.PrivilegedActionException: java.lang.NoSuchMethodException: sun.misc.Unsafe.defineClass(java.lang.String,[B,int,int,java.lang.ClassLoader,java.security.ProtectionDomain)
	at java.base/java.security.AccessController.doPrivileged(AccessController.java:573)
	at org.glassfish.jaxb.runtime.v2.runtime.reflect.opt.Injector.<clinit>(Injector.java:161)
	at org.glassfish.jaxb.runtime.v2.runtime.reflect.opt.AccessorInjector.prepare(AccessorInjector.java:51)
	at org.glassfish.jaxb.runtime.v2.runtime.reflect.opt.OptimizedAccessorFactory.get(OptimizedAccessorFactory.java:157)
	at org.glassfish.jaxb.runtime.v2.runtime.reflect.Accessor$FieldReflection.optimize(Accessor.java:249)
	at org.glassfish.jaxb.runtime.v2.runtime.property.ArrayProperty.<init>(ArrayProperty.java:38)
	at org.glassfish.jaxb.runtime.v2.runtime.property.ArrayERProperty.<init>(ArrayERProperty.java:50)
	at org.glassfish.jaxb.runtime.v2.runtime.property.ArrayElementProperty.<init>(ArrayElementProperty.java:59)
	at org.glassfish.jaxb.runtime.v2.runtime.property.ArrayElementNodeProperty.<init>(ArrayElementNodeProperty.java:30)
	at java.base/jdk.internal.reflect.DirectConstructorHandleAccessor.newInstance(DirectConstructorHandleAccessor.java:67)
	at java.base/java.lang.reflect.Constructor.newInstanceWithCaller(Constructor.java:500)
	at java.base/java.lang.reflect.Constructor.newInstance(Constructor.java:484)
	at org.glassfish.jaxb.runtime.v2.runtime.property.PropertyFactory.create(PropertyFactory.java:94)
	at org.glassfish.jaxb.runtime.v2.runtime.ClassBeanInfoImpl.<init>(ClassBeanInfoImpl.java:148)
	at org.glassfish.jaxb.runtime.v2.runtime.JAXBContextImpl.getOrCreate(JAXBContextImpl.java:462)
	at org.glassfish.jaxb.runtime.v2.runtime.JAXBContextImpl.getOrCreate(JAXBContextImpl.java:481)
	at org.glassfish.jaxb.runtime.v2.runtime.property.SingleElementNodeProperty.<init>(SingleElementNodeProperty.java:73)
	at java.base/jdk.internal.reflect.DirectConstructorHandleAccessor.newInstance(DirectConstructorHandleAccessor.java:67)
	at java.base/java.lang.reflect.Constructor.newInstanceWithCaller(Constructor.java:500)
	at java.base/java.lang.reflect.Constructor.newInstance(Constructor.java:484)
	at org.glassfish.jaxb.runtime.v2.runtime.property.PropertyFactory.create(PropertyFactory.java:94)
	at org.glassfish.jaxb.runtime.v2.runtime.ClassBeanInfoImpl.<init>(ClassBeanInfoImpl.java:148)
	at org.glassfish.jaxb.runtime.v2.runtime.JAXBContextImpl.getOrCreate(JAXBContextImpl.java:462)
	at org.glassfish.jaxb.runtime.v2.runtime.ClassBeanInfoImpl.<init>(ClassBeanInfoImpl.java:135)
	at org.glassfish.jaxb.runtime.v2.runtime.JAXBContextImpl.getOrCreate(JAXBContextImpl.java:462)
	at org.glassfish.jaxb.runtime.v2.runtime.JAXBContextImpl.getOrCreate(JAXBContextImpl.java:481)
	at org.glassfish.jaxb.runtime.v2.runtime.property.ArrayElementProperty.<init>(ArrayElementProperty.java:71)
	at org.glassfish.jaxb.runtime.v2.runtime.property.ArrayElementNodeProperty.<init>(ArrayElementNodeProperty.java:30)
	at java.base/jdk.internal.reflect.DirectConstructorHandleAccessor.newInstance(DirectConstructorHandleAccessor.java:67)
	at java.base/java.lang.reflect.Constructor.newInstanceWithCaller(Constructor.java:500)
	at java.base/java.lang.reflect.Constructor.newInstance(Constructor.java:484)
	at org.glassfish.jaxb.runtime.v2.runtime.property.PropertyFactory.create(PropertyFactory.java:94)
	at org.glassfish.jaxb.runtime.v2.runtime.ClassBeanInfoImpl.<init>(ClassBeanInfoImpl.java:148)
	at org.glassfish.jaxb.runtime.v2.runtime.JAXBContextImpl.getOrCreate(JAXBContextImpl.java:462)
	at org.glassfish.jaxb.runtime.v2.runtime.JAXBContextImpl.<init>(JAXBContextImpl.java:279)
	at org.glassfish.jaxb.runtime.v2.runtime.JAXBContextImpl.<init>(JAXBContextImpl.java:77)
	at org.glassfish.jaxb.runtime.v2.runtime.JAXBContextImpl$JAXBContextBuilder.build(JAXBContextImpl.java:1111)
	at org.glassfish.jaxb.runtime.v2.ContextFactory.createContext(ContextFactory.java:140)
	at java.base/jdk.internal.reflect.DirectMethodHandleAccessor.invoke(DirectMethodHandleAccessor.java:104)
	at java.base/java.lang.reflect.Method.invoke(Method.java:578)
	at jakarta.xml.bind.ContextFinder.newInstance(ContextFinder.java:274)
	at jakarta.xml.bind.ContextFinder.newInstance(ContextFinder.java:263)
	at jakarta.xml.bind.ContextFinder.find(ContextFinder.java:395)
	at jakarta.xml.bind.JAXBContext.newInstance(JAXBContext.java:691)
	at jakarta.xml.bind.JAXBContext.newInstance(JAXBContext.java:632)
	at de.gurkenlabs.litiengine.util.io.XmlUtilities.getContext(XmlUtilities.java:78)
	at de.gurkenlabs.litiengine.resources.ResourceBundle.getResourceBundle(ResourceBundle.java:225)
	at de.gurkenlabs.litiengine.resources.ResourceBundle.load(ResourceBundle.java:88)
	at de.gurkenlabs.litiengine.resources.Resources.load(Resources.java:173)
	at de.gurkenlabs.litiengine.resources.Resources.load(Resources.java:160)
	at fruit.ninja.webcam.v2.App.main(App.java:13)
Caused by: java.lang.NoSuchMethodException: sun.misc.Unsafe.defineClass(java.lang.String,[B,int,int,java.lang.ClassLoader,java.security.ProtectionDomain)
	at java.base/java.lang.Class.getMethod(Class.java:2277)
	at org.glassfish.jaxb.runtime.v2.runtime.reflect.opt.Injector$3.run(Injector.java:165)
	at org.glassfish.jaxb.runtime.v2.runtime.reflect.opt.Injector$3.run(Injector.java:161)
	at java.base/java.security.AccessController.doPrivileged(AccessController.java:569)
	... 50 more

Oct 07, 2022 11:20:00 AM de.gurkenlabs.litiengine.DefaultUncaughtExceptionHandler uncaughtException
SEVERE: Game crashed! :(
java.lang.NullPointerException: Cannot invoke "java.lang.reflect.Method.invoke(Object, Object[])" because "org.glassfish.jaxb.runtime.v2.runtime.reflect.opt.Injector.defineClass" is null
	at org.glassfish.jaxb.runtime.v2.runtime.reflect.opt.Injector.inject(Injector.java:289)
	at org.glassfish.jaxb.runtime.v2.runtime.reflect.opt.Injector.inject(Injector.java:61)
	at org.glassfish.jaxb.runtime.v2.runtime.reflect.opt.AccessorInjector.prepare(AccessorInjector.java:57)
	at org.glassfish.jaxb.runtime.v2.runtime.reflect.opt.OptimizedAccessorFactory.get(OptimizedAccessorFactory.java:157)
	at org.glassfish.jaxb.runtime.v2.runtime.reflect.Accessor$FieldReflection.optimize(Accessor.java:249)
	at org.glassfish.jaxb.runtime.v2.runtime.property.ArrayProperty.<init>(ArrayProperty.java:38)
	at org.glassfish.jaxb.runtime.v2.runtime.property.ArrayERProperty.<init>(ArrayERProperty.java:50)
	at org.glassfish.jaxb.runtime.v2.runtime.property.ArrayElementProperty.<init>(ArrayElementProperty.java:59)
	at org.glassfish.jaxb.runtime.v2.runtime.property.ArrayElementNodeProperty.<init>(ArrayElementNodeProperty.java:30)
	at java.base/jdk.internal.reflect.DirectConstructorHandleAccessor.newInstance(DirectConstructorHandleAccessor.java:67)
	at java.base/java.lang.reflect.Constructor.newInstanceWithCaller(Constructor.java:500)
	at java.base/java.lang.reflect.Constructor.newInstance(Constructor.java:484)
	at org.glassfish.jaxb.runtime.v2.runtime.property.PropertyFactory.create(PropertyFactory.java:94)
	at org.glassfish.jaxb.runtime.v2.runtime.ClassBeanInfoImpl.<init>(ClassBeanInfoImpl.java:148)
	at org.glassfish.jaxb.runtime.v2.runtime.JAXBContextImpl.getOrCreate(JAXBContextImpl.java:462)
	at org.glassfish.jaxb.runtime.v2.runtime.JAXBContextImpl.getOrCreate(JAXBContextImpl.java:481)
	at org.glassfish.jaxb.runtime.v2.runtime.property.SingleElementNodeProperty.<init>(SingleElementNodeProperty.java:73)
	at java.base/jdk.internal.reflect.DirectConstructorHandleAccessor.newInstance(DirectConstructorHandleAccessor.java:67)
	at java.base/java.lang.reflect.Constructor.newInstanceWithCaller(Constructor.java:500)
	at java.base/java.lang.reflect.Constructor.newInstance(Constructor.java:484)
	at org.glassfish.jaxb.runtime.v2.runtime.property.PropertyFactory.create(PropertyFactory.java:94)
	at org.glassfish.jaxb.runtime.v2.runtime.ClassBeanInfoImpl.<init>(ClassBeanInfoImpl.java:148)
	at org.glassfish.jaxb.runtime.v2.runtime.JAXBContextImpl.getOrCreate(JAXBContextImpl.java:462)
	at org.glassfish.jaxb.runtime.v2.runtime.ClassBeanInfoImpl.<init>(ClassBeanInfoImpl.java:135)
	at org.glassfish.jaxb.runtime.v2.runtime.JAXBContextImpl.getOrCreate(JAXBContextImpl.java:462)
	at org.glassfish.jaxb.runtime.v2.runtime.JAXBContextImpl.getOrCreate(JAXBContextImpl.java:481)
	at org.glassfish.jaxb.runtime.v2.runtime.property.ArrayElementProperty.<init>(ArrayElementProperty.java:71)
	at org.glassfish.jaxb.runtime.v2.runtime.property.ArrayElementNodeProperty.<init>(ArrayElementNodeProperty.java:30)
	at java.base/jdk.internal.reflect.DirectConstructorHandleAccessor.newInstance(DirectConstructorHandleAccessor.java:67)
	at java.base/java.lang.reflect.Constructor.newInstanceWithCaller(Constructor.java:500)
	at java.base/java.lang.reflect.Constructor.newInstance(Constructor.java:484)
	at org.glassfish.jaxb.runtime.v2.runtime.property.PropertyFactory.create(PropertyFactory.java:94)
	at org.glassfish.jaxb.runtime.v2.runtime.ClassBeanInfoImpl.<init>(ClassBeanInfoImpl.java:148)
	at org.glassfish.jaxb.runtime.v2.runtime.JAXBContextImpl.getOrCreate(JAXBContextImpl.java:462)
	at org.glassfish.jaxb.runtime.v2.runtime.JAXBContextImpl.<init>(JAXBContextImpl.java:279)
	at org.glassfish.jaxb.runtime.v2.runtime.JAXBContextImpl.<init>(JAXBContextImpl.java:77)
	at org.glassfish.jaxb.runtime.v2.runtime.JAXBContextImpl$JAXBContextBuilder.build(JAXBContextImpl.java:1111)
	at org.glassfish.jaxb.runtime.v2.ContextFactory.createContext(ContextFactory.java:140)
	at java.base/jdk.internal.reflect.DirectMethodHandleAccessor.invoke(DirectMethodHandleAccessor.java:104)
	at java.base/java.lang.reflect.Method.invoke(Method.java:578)
	at jakarta.xml.bind.ContextFinder.newInstance(ContextFinder.java:274)
	at jakarta.xml.bind.ContextFinder.newInstance(ContextFinder.java:263)
	at jakarta.xml.bind.ContextFinder.find(ContextFinder.java:395)
	at jakarta.xml.bind.JAXBContext.newInstance(JAXBContext.java:691)
	at jakarta.xml.bind.JAXBContext.newInstance(JAXBContext.java:632)
	at de.gurkenlabs.litiengine.util.io.XmlUtilities.getContext(XmlUtilities.java:78)
	at de.gurkenlabs.litiengine.resources.ResourceBundle.getResourceBundle(ResourceBundle.java:225)
	at de.gurkenlabs.litiengine.resources.ResourceBundle.load(ResourceBundle.java:88)
	at de.gurkenlabs.litiengine.resources.Resources.load(Resources.java:173)
	at de.gurkenlabs.litiengine.resources.Resources.load(Resources.java:160)
	at fruit.ninja.webcam.v2.App.main(App.java:13)

Oct 07, 2022 1:22:19 PM de.gurkenlabs.litiengine.DefaultUncaughtExceptionHandler uncaughtException
SEVERE: Game crashed! :(
de.gurkenlabs.litiengine.resources.ResourceLoadException: javax.imageio.IIOException: Can't get input stream from URL!
	at de.gurkenlabs.litiengine.resources.ResourcesContainer.loadResource(ResourcesContainer.java:395)
	at java.base/java.util.concurrent.ConcurrentHashMap.computeIfAbsent(ConcurrentHashMap.java:1708)
	at de.gurkenlabs.litiengine.resources.ResourcesContainer.get(ResourcesContainer.java:276)
	at de.gurkenlabs.litiengine.resources.ResourcesContainer.get(ResourcesContainer.java:209)
	at fruit.ninja.webcam.v2.App.main(App.java:24)
Caused by: javax.imageio.IIOException: Can't get input stream from URL!
	at java.desktop/javax.imageio.ImageIO.read(ImageIO.java:1407)
	at de.gurkenlabs.litiengine.resources.Images.load(Images.java:48)
	at de.gurkenlabs.litiengine.resources.Images.load(Images.java:12)
	at de.gurkenlabs.litiengine.resources.ResourcesContainer.loadResource(ResourcesContainer.java:393)
	... 4 more
Caused by: java.io.FileNotFoundException: E:\I3BB\M306\fruit-ninja-webcam\5_Applicativo\fruit-ninja-webcam-v2\icon.png (Impossibile trovare il file specificato)
	at java.base/java.io.FileInputStream.open0(Native Method)
	at java.base/java.io.FileInputStream.open(FileInputStream.java:219)
	at java.base/java.io.FileInputStream.<init>(FileInputStream.java:158)
	at java.base/java.io.FileInputStream.<init>(FileInputStream.java:112)
	at java.base/sun.net.www.protocol.file.FileURLConnection.connect(FileURLConnection.java:86)
	at java.base/sun.net.www.protocol.file.FileURLConnection.getInputStream(FileURLConnection.java:189)
	at java.base/java.net.URL.openStream(URL.java:1162)
	at java.desktop/javax.imageio.ImageIO.read(ImageIO.java:1405)
	... 7 more

Oct 07, 2022 1:34:11 PM de.gurkenlabs.litiengine.DefaultUncaughtExceptionHandler uncaughtException
SEVERE: Game crashed! :(
de.gurkenlabs.litiengine.resources.ResourceLoadException: javax.imageio.IIOException: Can't get input stream from URL!
	at de.gurkenlabs.litiengine.resources.ResourcesContainer.loadResource(ResourcesContainer.java:395)
	at java.base/java.util.concurrent.ConcurrentHashMap.computeIfAbsent(ConcurrentHashMap.java:1708)
	at de.gurkenlabs.litiengine.resources.ResourcesContainer.get(ResourcesContainer.java:276)
	at de.gurkenlabs.litiengine.resources.ResourcesContainer.get(ResourcesContainer.java:209)
	at fruit.ninja.webcam.v2.App.main(App.java:24)
Caused by: javax.imageio.IIOException: Can't get input stream from URL!
	at java.desktop/javax.imageio.ImageIO.read(ImageIO.java:1407)
	at de.gurkenlabs.litiengine.resources.Images.load(Images.java:48)
	at de.gurkenlabs.litiengine.resources.Images.load(Images.java:12)
	at de.gurkenlabs.litiengine.resources.ResourcesContainer.loadResource(ResourcesContainer.java:393)
	... 4 more
Caused by: java.io.FileNotFoundException: E:\I3BB\M306\fruit-ninja-webcam\5_Applicativo\fruit-ninja-webcam-v2\icon.png (Impossibile trovare il file specificato)
	at java.base/java.io.FileInputStream.open0(Native Method)
	at java.base/java.io.FileInputStream.open(FileInputStream.java:219)
	at java.base/java.io.FileInputStream.<init>(FileInputStream.java:158)
	at java.base/java.io.FileInputStream.<init>(FileInputStream.java:112)
	at java.base/sun.net.www.protocol.file.FileURLConnection.connect(FileURLConnection.java:86)
	at java.base/sun.net.www.protocol.file.FileURLConnection.getInputStream(FileURLConnection.java:189)
	at java.base/java.net.URL.openStream(URL.java:1162)
	at java.desktop/javax.imageio.ImageIO.read(ImageIO.java:1405)
	... 7 more

Oct 07, 2022 1:34:16 PM de.gurkenlabs.litiengine.DefaultUncaughtExceptionHandler uncaughtException
SEVERE: Game crashed! :(
de.gurkenlabs.litiengine.resources.ResourceLoadException: javax.imageio.IIOException: Can't get input stream from URL!
	at de.gurkenlabs.litiengine.resources.ResourcesContainer.loadResource(ResourcesContainer.java:395)
	at java.base/java.util.concurrent.ConcurrentHashMap.computeIfAbsent(ConcurrentHashMap.java:1708)
	at de.gurkenlabs.litiengine.resources.ResourcesContainer.get(ResourcesContainer.java:276)
	at de.gurkenlabs.litiengine.resources.ResourcesContainer.get(ResourcesContainer.java:209)
	at fruit.ninja.webcam.v2.App.main(App.java:24)
Caused by: javax.imageio.IIOException: Can't get input stream from URL!
	at java.desktop/javax.imageio.ImageIO.read(ImageIO.java:1407)
	at de.gurkenlabs.litiengine.resources.Images.load(Images.java:48)
	at de.gurkenlabs.litiengine.resources.Images.load(Images.java:12)
	at de.gurkenlabs.litiengine.resources.ResourcesContainer.loadResource(ResourcesContainer.java:393)
	... 4 more
Caused by: java.io.FileNotFoundException: E:\I3BB\M306\fruit-ninja-webcam\5_Applicativo\fruit-ninja-webcam-v2\icon.png (Impossibile trovare il file specificato)
	at java.base/java.io.FileInputStream.open0(Native Method)
	at java.base/java.io.FileInputStream.open(FileInputStream.java:219)
	at java.base/java.io.FileInputStream.<init>(FileInputStream.java:158)
	at java.base/java.io.FileInputStream.<init>(FileInputStream.java:112)
	at java.base/sun.net.www.protocol.file.FileURLConnection.connect(FileURLConnection.java:86)
	at java.base/sun.net.www.protocol.file.FileURLConnection.getInputStream(FileURLConnection.java:189)
	at java.base/java.net.URL.openStream(URL.java:1162)
	at java.desktop/javax.imageio.ImageIO.read(ImageIO.java:1405)
	... 7 more

Oct 07, 2022 2:07:20 PM org.glassfish.jaxb.runtime.v2.runtime.reflect.opt.Injector <clinit>
SEVERE: null
java.security.PrivilegedActionException: java.lang.NoSuchMethodException: sun.misc.Unsafe.defineClass(java.lang.String,[B,int,int,java.lang.ClassLoader,java.security.ProtectionDomain)
	at java.base/java.security.AccessController.doPrivileged(AccessController.java:573)
	at org.glassfish.jaxb.runtime.v2.runtime.reflect.opt.Injector.<clinit>(Injector.java:161)
	at org.glassfish.jaxb.runtime.v2.runtime.reflect.opt.AccessorInjector.prepare(AccessorInjector.java:51)
	at org.glassfish.jaxb.runtime.v2.runtime.reflect.opt.OptimizedAccessorFactory.get(OptimizedAccessorFactory.java:157)
	at org.glassfish.jaxb.runtime.v2.runtime.reflect.Accessor$FieldReflection.optimize(Accessor.java:249)
	at org.glassfish.jaxb.runtime.v2.runtime.property.ArrayProperty.<init>(ArrayProperty.java:38)
	at org.glassfish.jaxb.runtime.v2.runtime.property.ArrayERProperty.<init>(ArrayERProperty.java:50)
	at org.glassfish.jaxb.runtime.v2.runtime.property.ArrayElementProperty.<init>(ArrayElementProperty.java:59)
	at org.glassfish.jaxb.runtime.v2.runtime.property.ArrayElementNodeProperty.<init>(ArrayElementNodeProperty.java:30)
	at java.base/jdk.internal.reflect.DirectConstructorHandleAccessor.newInstance(DirectConstructorHandleAccessor.java:67)
	at java.base/java.lang.reflect.Constructor.newInstanceWithCaller(Constructor.java:500)
	at java.base/java.lang.reflect.Constructor.newInstance(Constructor.java:484)
	at org.glassfish.jaxb.runtime.v2.runtime.property.PropertyFactory.create(PropertyFactory.java:94)
	at org.glassfish.jaxb.runtime.v2.runtime.ClassBeanInfoImpl.<init>(ClassBeanInfoImpl.java:148)
	at org.glassfish.jaxb.runtime.v2.runtime.JAXBContextImpl.getOrCreate(JAXBContextImpl.java:462)
	at org.glassfish.jaxb.runtime.v2.runtime.JAXBContextImpl.getOrCreate(JAXBContextImpl.java:481)
	at org.glassfish.jaxb.runtime.v2.runtime.property.SingleElementNodeProperty.<init>(SingleElementNodeProperty.java:73)
	at java.base/jdk.internal.reflect.DirectConstructorHandleAccessor.newInstance(DirectConstructorHandleAccessor.java:67)
	at java.base/java.lang.reflect.Constructor.newInstanceWithCaller(Constructor.java:500)
	at java.base/java.lang.reflect.Constructor.newInstance(Constructor.java:484)
	at org.glassfish.jaxb.runtime.v2.runtime.property.PropertyFactory.create(PropertyFactory.java:94)
	at org.glassfish.jaxb.runtime.v2.runtime.ClassBeanInfoImpl.<init>(ClassBeanInfoImpl.java:148)
	at org.glassfish.jaxb.runtime.v2.runtime.JAXBContextImpl.getOrCreate(JAXBContextImpl.java:462)
	at org.glassfish.jaxb.runtime.v2.runtime.ClassBeanInfoImpl.<init>(ClassBeanInfoImpl.java:135)
	at org.glassfish.jaxb.runtime.v2.runtime.JAXBContextImpl.getOrCreate(JAXBContextImpl.java:462)
	at org.glassfish.jaxb.runtime.v2.runtime.JAXBContextImpl.getOrCreate(JAXBContextImpl.java:481)
	at org.glassfish.jaxb.runtime.v2.runtime.property.ArrayElementProperty.<init>(ArrayElementProperty.java:71)
	at org.glassfish.jaxb.runtime.v2.runtime.property.ArrayElementNodeProperty.<init>(ArrayElementNodeProperty.java:30)
	at java.base/jdk.internal.reflect.DirectConstructorHandleAccessor.newInstance(DirectConstructorHandleAccessor.java:67)
	at java.base/java.lang.reflect.Constructor.newInstanceWithCaller(Constructor.java:500)
	at java.base/java.lang.reflect.Constructor.newInstance(Constructor.java:484)
	at org.glassfish.jaxb.runtime.v2.runtime.property.PropertyFactory.create(PropertyFactory.java:94)
	at org.glassfish.jaxb.runtime.v2.runtime.ClassBeanInfoImpl.<init>(ClassBeanInfoImpl.java:148)
	at org.glassfish.jaxb.runtime.v2.runtime.JAXBContextImpl.getOrCreate(JAXBContextImpl.java:462)
	at org.glassfish.jaxb.runtime.v2.runtime.JAXBContextImpl.<init>(JAXBContextImpl.java:279)
	at org.glassfish.jaxb.runtime.v2.runtime.JAXBContextImpl.<init>(JAXBContextImpl.java:77)
	at org.glassfish.jaxb.runtime.v2.runtime.JAXBContextImpl$JAXBContextBuilder.build(JAXBContextImpl.java:1111)
	at org.glassfish.jaxb.runtime.v2.ContextFactory.createContext(ContextFactory.java:140)
	at java.base/jdk.internal.reflect.DirectMethodHandleAccessor.invoke(DirectMethodHandleAccessor.java:104)
	at java.base/java.lang.reflect.Method.invoke(Method.java:578)
	at jakarta.xml.bind.ContextFinder.newInstance(ContextFinder.java:274)
	at jakarta.xml.bind.ContextFinder.newInstance(ContextFinder.java:263)
	at jakarta.xml.bind.ContextFinder.find(ContextFinder.java:395)
	at jakarta.xml.bind.JAXBContext.newInstance(JAXBContext.java:691)
	at jakarta.xml.bind.JAXBContext.newInstance(JAXBContext.java:632)
	at de.gurkenlabs.litiengine.util.io.XmlUtilities.getContext(XmlUtilities.java:78)
	at de.gurkenlabs.litiengine.resources.ResourceBundle.getResourceBundle(ResourceBundle.java:225)
	at de.gurkenlabs.litiengine.resources.ResourceBundle.load(ResourceBundle.java:88)
	at de.gurkenlabs.litiengine.resources.Resources.load(Resources.java:173)
	at de.gurkenlabs.litiengine.resources.Resources.load(Resources.java:160)
	at fruit.ninja.webcam.v2.Main.main(Main.java:26)
Caused by: java.lang.NoSuchMethodException: sun.misc.Unsafe.defineClass(java.lang.String,[B,int,int,java.lang.ClassLoader,java.security.ProtectionDomain)
	at java.base/java.lang.Class.getMethod(Class.java:2277)
	at org.glassfish.jaxb.runtime.v2.runtime.reflect.opt.Injector$3.run(Injector.java:165)
	at org.glassfish.jaxb.runtime.v2.runtime.reflect.opt.Injector$3.run(Injector.java:161)
	at java.base/java.security.AccessController.doPrivileged(AccessController.java:569)
	... 50 more

Oct 07, 2022 2:07:20 PM de.gurkenlabs.litiengine.DefaultUncaughtExceptionHandler uncaughtException
SEVERE: Game crashed! :(
java.lang.NullPointerException: Cannot invoke "java.lang.reflect.Method.invoke(Object, Object[])" because "org.glassfish.jaxb.runtime.v2.runtime.reflect.opt.Injector.defineClass" is null
	at org.glassfish.jaxb.runtime.v2.runtime.reflect.opt.Injector.inject(Injector.java:289)
	at org.glassfish.jaxb.runtime.v2.runtime.reflect.opt.Injector.inject(Injector.java:61)
	at org.glassfish.jaxb.runtime.v2.runtime.reflect.opt.AccessorInjector.prepare(AccessorInjector.java:57)
	at org.glassfish.jaxb.runtime.v2.runtime.reflect.opt.OptimizedAccessorFactory.get(OptimizedAccessorFactory.java:157)
	at org.glassfish.jaxb.runtime.v2.runtime.reflect.Accessor$FieldReflection.optimize(Accessor.java:249)
	at org.glassfish.jaxb.runtime.v2.runtime.property.ArrayProperty.<init>(ArrayProperty.java:38)
	at org.glassfish.jaxb.runtime.v2.runtime.property.ArrayERProperty.<init>(ArrayERProperty.java:50)
	at org.glassfish.jaxb.runtime.v2.runtime.property.ArrayElementProperty.<init>(ArrayElementProperty.java:59)
	at org.glassfish.jaxb.runtime.v2.runtime.property.ArrayElementNodeProperty.<init>(ArrayElementNodeProperty.java:30)
	at java.base/jdk.internal.reflect.DirectConstructorHandleAccessor.newInstance(DirectConstructorHandleAccessor.java:67)
	at java.base/java.lang.reflect.Constructor.newInstanceWithCaller(Constructor.java:500)
	at java.base/java.lang.reflect.Constructor.newInstance(Constructor.java:484)
	at org.glassfish.jaxb.runtime.v2.runtime.property.PropertyFactory.create(PropertyFactory.java:94)
	at org.glassfish.jaxb.runtime.v2.runtime.ClassBeanInfoImpl.<init>(ClassBeanInfoImpl.java:148)
	at org.glassfish.jaxb.runtime.v2.runtime.JAXBContextImpl.getOrCreate(JAXBContextImpl.java:462)
	at org.glassfish.jaxb.runtime.v2.runtime.JAXBContextImpl.getOrCreate(JAXBContextImpl.java:481)
	at org.glassfish.jaxb.runtime.v2.runtime.property.SingleElementNodeProperty.<init>(SingleElementNodeProperty.java:73)
	at java.base/jdk.internal.reflect.DirectConstructorHandleAccessor.newInstance(DirectConstructorHandleAccessor.java:67)
	at java.base/java.lang.reflect.Constructor.newInstanceWithCaller(Constructor.java:500)
	at java.base/java.lang.reflect.Constructor.newInstance(Constructor.java:484)
	at org.glassfish.jaxb.runtime.v2.runtime.property.PropertyFactory.create(PropertyFactory.java:94)
	at org.glassfish.jaxb.runtime.v2.runtime.ClassBeanInfoImpl.<init>(ClassBeanInfoImpl.java:148)
	at org.glassfish.jaxb.runtime.v2.runtime.JAXBContextImpl.getOrCreate(JAXBContextImpl.java:462)
	at org.glassfish.jaxb.runtime.v2.runtime.ClassBeanInfoImpl.<init>(ClassBeanInfoImpl.java:135)
	at org.glassfish.jaxb.runtime.v2.runtime.JAXBContextImpl.getOrCreate(JAXBContextImpl.java:462)
	at org.glassfish.jaxb.runtime.v2.runtime.JAXBContextImpl.getOrCreate(JAXBContextImpl.java:481)
	at org.glassfish.jaxb.runtime.v2.runtime.property.ArrayElementProperty.<init>(ArrayElementProperty.java:71)
	at org.glassfish.jaxb.runtime.v2.runtime.property.ArrayElementNodeProperty.<init>(ArrayElementNodeProperty.java:30)
	at java.base/jdk.internal.reflect.DirectConstructorHandleAccessor.newInstance(DirectConstructorHandleAccessor.java:67)
	at java.base/java.lang.reflect.Constructor.newInstanceWithCaller(Constructor.java:500)
	at java.base/java.lang.reflect.Constructor.newInstance(Constructor.java:484)
	at org.glassfish.jaxb.runtime.v2.runtime.property.PropertyFactory.create(PropertyFactory.java:94)
	at org.glassfish.jaxb.runtime.v2.runtime.ClassBeanInfoImpl.<init>(ClassBeanInfoImpl.java:148)
	at org.glassfish.jaxb.runtime.v2.runtime.JAXBContextImpl.getOrCreate(JAXBContextImpl.java:462)
	at org.glassfish.jaxb.runtime.v2.runtime.JAXBContextImpl.<init>(JAXBContextImpl.java:279)
	at org.glassfish.jaxb.runtime.v2.runtime.JAXBContextImpl.<init>(JAXBContextImpl.java:77)
	at org.glassfish.jaxb.runtime.v2.runtime.JAXBContextImpl$JAXBContextBuilder.build(JAXBContextImpl.java:1111)
	at org.glassfish.jaxb.runtime.v2.ContextFactory.createContext(ContextFactory.java:140)
	at java.base/jdk.internal.reflect.DirectMethodHandleAccessor.invoke(DirectMethodHandleAccessor.java:104)
	at java.base/java.lang.reflect.Method.invoke(Method.java:578)
	at jakarta.xml.bind.ContextFinder.newInstance(ContextFinder.java:274)
	at jakarta.xml.bind.ContextFinder.newInstance(ContextFinder.java:263)
	at jakarta.xml.bind.ContextFinder.find(ContextFinder.java:395)
	at jakarta.xml.bind.JAXBContext.newInstance(JAXBContext.java:691)
	at jakarta.xml.bind.JAXBContext.newInstance(JAXBContext.java:632)
	at de.gurkenlabs.litiengine.util.io.XmlUtilities.getContext(XmlUtilities.java:78)
	at de.gurkenlabs.litiengine.resources.ResourceBundle.getResourceBundle(ResourceBundle.java:225)
	at de.gurkenlabs.litiengine.resources.ResourceBundle.load(ResourceBundle.java:88)
	at de.gurkenlabs.litiengine.resources.Resources.load(Resources.java:173)
	at de.gurkenlabs.litiengine.resources.Resources.load(Resources.java:160)
	at fruit.ninja.webcam.v2.Main.main(Main.java:26)

Oct 07, 2022 2:09:11 PM org.glassfish.jaxb.runtime.v2.runtime.reflect.opt.Injector <clinit>
SEVERE: null
java.security.PrivilegedActionException: java.lang.NoSuchMethodException: sun.misc.Unsafe.defineClass(java.lang.String,[B,int,int,java.lang.ClassLoader,java.security.ProtectionDomain)
	at java.base/java.security.AccessController.doPrivileged(AccessController.java:573)
	at org.glassfish.jaxb.runtime.v2.runtime.reflect.opt.Injector.<clinit>(Injector.java:161)
	at org.glassfish.jaxb.runtime.v2.runtime.reflect.opt.AccessorInjector.prepare(AccessorInjector.java:51)
	at org.glassfish.jaxb.runtime.v2.runtime.reflect.opt.OptimizedAccessorFactory.get(OptimizedAccessorFactory.java:157)
	at org.glassfish.jaxb.runtime.v2.runtime.reflect.Accessor$FieldReflection.optimize(Accessor.java:249)
	at org.glassfish.jaxb.runtime.v2.runtime.property.ArrayProperty.<init>(ArrayProperty.java:38)
	at org.glassfish.jaxb.runtime.v2.runtime.property.ArrayERProperty.<init>(ArrayERProperty.java:50)
	at org.glassfish.jaxb.runtime.v2.runtime.property.ArrayElementProperty.<init>(ArrayElementProperty.java:59)
	at org.glassfish.jaxb.runtime.v2.runtime.property.ArrayElementNodeProperty.<init>(ArrayElementNodeProperty.java:30)
	at java.base/jdk.internal.reflect.DirectConstructorHandleAccessor.newInstance(DirectConstructorHandleAccessor.java:67)
	at java.base/java.lang.reflect.Constructor.newInstanceWithCaller(Constructor.java:500)
	at java.base/java.lang.reflect.Constructor.newInstance(Constructor.java:484)
	at org.glassfish.jaxb.runtime.v2.runtime.property.PropertyFactory.create(PropertyFactory.java:94)
	at org.glassfish.jaxb.runtime.v2.runtime.ClassBeanInfoImpl.<init>(ClassBeanInfoImpl.java:148)
	at org.glassfish.jaxb.runtime.v2.runtime.JAXBContextImpl.getOrCreate(JAXBContextImpl.java:462)
	at org.glassfish.jaxb.runtime.v2.runtime.JAXBContextImpl.getOrCreate(JAXBContextImpl.java:481)
	at org.glassfish.jaxb.runtime.v2.runtime.property.SingleElementNodeProperty.<init>(SingleElementNodeProperty.java:73)
	at java.base/jdk.internal.reflect.DirectConstructorHandleAccessor.newInstance(DirectConstructorHandleAccessor.java:67)
	at java.base/java.lang.reflect.Constructor.newInstanceWithCaller(Constructor.java:500)
	at java.base/java.lang.reflect.Constructor.newInstance(Constructor.java:484)
	at org.glassfish.jaxb.runtime.v2.runtime.property.PropertyFactory.create(PropertyFactory.java:94)
	at org.glassfish.jaxb.runtime.v2.runtime.ClassBeanInfoImpl.<init>(ClassBeanInfoImpl.java:148)
	at org.glassfish.jaxb.runtime.v2.runtime.JAXBContextImpl.getOrCreate(JAXBContextImpl.java:462)
	at org.glassfish.jaxb.runtime.v2.runtime.ClassBeanInfoImpl.<init>(ClassBeanInfoImpl.java:135)
	at org.glassfish.jaxb.runtime.v2.runtime.JAXBContextImpl.getOrCreate(JAXBContextImpl.java:462)
	at org.glassfish.jaxb.runtime.v2.runtime.JAXBContextImpl.getOrCreate(JAXBContextImpl.java:481)
	at org.glassfish.jaxb.runtime.v2.runtime.property.ArrayElementProperty.<init>(ArrayElementProperty.java:71)
	at org.glassfish.jaxb.runtime.v2.runtime.property.ArrayElementNodeProperty.<init>(ArrayElementNodeProperty.java:30)
	at java.base/jdk.internal.reflect.DirectConstructorHandleAccessor.newInstance(DirectConstructorHandleAccessor.java:67)
	at java.base/java.lang.reflect.Constructor.newInstanceWithCaller(Constructor.java:500)
	at java.base/java.lang.reflect.Constructor.newInstance(Constructor.java:484)
	at org.glassfish.jaxb.runtime.v2.runtime.property.PropertyFactory.create(PropertyFactory.java:94)
	at org.glassfish.jaxb.runtime.v2.runtime.ClassBeanInfoImpl.<init>(ClassBeanInfoImpl.java:148)
	at org.glassfish.jaxb.runtime.v2.runtime.JAXBContextImpl.getOrCreate(JAXBContextImpl.java:462)
	at org.glassfish.jaxb.runtime.v2.runtime.JAXBContextImpl.<init>(JAXBContextImpl.java:279)
	at org.glassfish.jaxb.runtime.v2.runtime.JAXBContextImpl.<init>(JAXBContextImpl.java:77)
	at org.glassfish.jaxb.runtime.v2.runtime.JAXBContextImpl$JAXBContextBuilder.build(JAXBContextImpl.java:1111)
	at org.glassfish.jaxb.runtime.v2.ContextFactory.createContext(ContextFactory.java:140)
	at java.base/jdk.internal.reflect.DirectMethodHandleAccessor.invoke(DirectMethodHandleAccessor.java:104)
	at java.base/java.lang.reflect.Method.invoke(Method.java:578)
	at jakarta.xml.bind.ContextFinder.newInstance(ContextFinder.java:274)
	at jakarta.xml.bind.ContextFinder.newInstance(ContextFinder.java:263)
	at jakarta.xml.bind.ContextFinder.find(ContextFinder.java:395)
	at jakarta.xml.bind.JAXBContext.newInstance(JAXBContext.java:691)
	at jakarta.xml.bind.JAXBContext.newInstance(JAXBContext.java:632)
	at de.gurkenlabs.litiengine.util.io.XmlUtilities.getContext(XmlUtilities.java:78)
	at de.gurkenlabs.litiengine.resources.ResourceBundle.getResourceBundle(ResourceBundle.java:225)
	at de.gurkenlabs.litiengine.resources.ResourceBundle.load(ResourceBundle.java:88)
	at de.gurkenlabs.litiengine.resources.Resources.load(Resources.java:173)
	at de.gurkenlabs.litiengine.resources.Resources.load(Resources.java:160)
	at fruit.ninja.webcam.v2.Main.main(Main.java:26)
Caused by: java.lang.NoSuchMethodException: sun.misc.Unsafe.defineClass(java.lang.String,[B,int,int,java.lang.ClassLoader,java.security.ProtectionDomain)
	at java.base/java.lang.Class.getMethod(Class.java:2277)
	at org.glassfish.jaxb.runtime.v2.runtime.reflect.opt.Injector$3.run(Injector.java:165)
	at org.glassfish.jaxb.runtime.v2.runtime.reflect.opt.Injector$3.run(Injector.java:161)
	at java.base/java.security.AccessController.doPrivileged(AccessController.java:569)
	... 50 more

Oct 07, 2022 2:09:11 PM de.gurkenlabs.litiengine.DefaultUncaughtExceptionHandler uncaughtException
SEVERE: Game crashed! :(
java.lang.NullPointerException: Cannot invoke "java.lang.reflect.Method.invoke(Object, Object[])" because "org.glassfish.jaxb.runtime.v2.runtime.reflect.opt.Injector.defineClass" is null
	at org.glassfish.jaxb.runtime.v2.runtime.reflect.opt.Injector.inject(Injector.java:289)
	at org.glassfish.jaxb.runtime.v2.runtime.reflect.opt.Injector.inject(Injector.java:61)
	at org.glassfish.jaxb.runtime.v2.runtime.reflect.opt.AccessorInjector.prepare(AccessorInjector.java:57)
	at org.glassfish.jaxb.runtime.v2.runtime.reflect.opt.OptimizedAccessorFactory.get(OptimizedAccessorFactory.java:157)
	at org.glassfish.jaxb.runtime.v2.runtime.reflect.Accessor$FieldReflection.optimize(Accessor.java:249)
	at org.glassfish.jaxb.runtime.v2.runtime.property.ArrayProperty.<init>(ArrayProperty.java:38)
	at org.glassfish.jaxb.runtime.v2.runtime.property.ArrayERProperty.<init>(ArrayERProperty.java:50)
	at org.glassfish.jaxb.runtime.v2.runtime.property.ArrayElementProperty.<init>(ArrayElementProperty.java:59)
	at org.glassfish.jaxb.runtime.v2.runtime.property.ArrayElementNodeProperty.<init>(ArrayElementNodeProperty.java:30)
	at java.base/jdk.internal.reflect.DirectConstructorHandleAccessor.newInstance(DirectConstructorHandleAccessor.java:67)
	at java.base/java.lang.reflect.Constructor.newInstanceWithCaller(Constructor.java:500)
	at java.base/java.lang.reflect.Constructor.newInstance(Constructor.java:484)
	at org.glassfish.jaxb.runtime.v2.runtime.property.PropertyFactory.create(PropertyFactory.java:94)
	at org.glassfish.jaxb.runtime.v2.runtime.ClassBeanInfoImpl.<init>(ClassBeanInfoImpl.java:148)
	at org.glassfish.jaxb.runtime.v2.runtime.JAXBContextImpl.getOrCreate(JAXBContextImpl.java:462)
	at org.glassfish.jaxb.runtime.v2.runtime.JAXBContextImpl.getOrCreate(JAXBContextImpl.java:481)
	at org.glassfish.jaxb.runtime.v2.runtime.property.SingleElementNodeProperty.<init>(SingleElementNodeProperty.java:73)
	at java.base/jdk.internal.reflect.DirectConstructorHandleAccessor.newInstance(DirectConstructorHandleAccessor.java:67)
	at java.base/java.lang.reflect.Constructor.newInstanceWithCaller(Constructor.java:500)
	at java.base/java.lang.reflect.Constructor.newInstance(Constructor.java:484)
	at org.glassfish.jaxb.runtime.v2.runtime.property.PropertyFactory.create(PropertyFactory.java:94)
	at org.glassfish.jaxb.runtime.v2.runtime.ClassBeanInfoImpl.<init>(ClassBeanInfoImpl.java:148)
	at org.glassfish.jaxb.runtime.v2.runtime.JAXBContextImpl.getOrCreate(JAXBContextImpl.java:462)
	at org.glassfish.jaxb.runtime.v2.runtime.ClassBeanInfoImpl.<init>(ClassBeanInfoImpl.java:135)
	at org.glassfish.jaxb.runtime.v2.runtime.JAXBContextImpl.getOrCreate(JAXBContextImpl.java:462)
	at org.glassfish.jaxb.runtime.v2.runtime.JAXBContextImpl.getOrCreate(JAXBContextImpl.java:481)
	at org.glassfish.jaxb.runtime.v2.runtime.property.ArrayElementProperty.<init>(ArrayElementProperty.java:71)
	at org.glassfish.jaxb.runtime.v2.runtime.property.ArrayElementNodeProperty.<init>(ArrayElementNodeProperty.java:30)
	at java.base/jdk.internal.reflect.DirectConstructorHandleAccessor.newInstance(DirectConstructorHandleAccessor.java:67)
	at java.base/java.lang.reflect.Constructor.newInstanceWithCaller(Constructor.java:500)
	at java.base/java.lang.reflect.Constructor.newInstance(Constructor.java:484)
	at org.glassfish.jaxb.runtime.v2.runtime.property.PropertyFactory.create(PropertyFactory.java:94)
	at org.glassfish.jaxb.runtime.v2.runtime.ClassBeanInfoImpl.<init>(ClassBeanInfoImpl.java:148)
	at org.glassfish.jaxb.runtime.v2.runtime.JAXBContextImpl.getOrCreate(JAXBContextImpl.java:462)
	at org.glassfish.jaxb.runtime.v2.runtime.JAXBContextImpl.<init>(JAXBContextImpl.java:279)
	at org.glassfish.jaxb.runtime.v2.runtime.JAXBContextImpl.<init>(JAXBContextImpl.java:77)
	at org.glassfish.jaxb.runtime.v2.runtime.JAXBContextImpl$JAXBContextBuilder.build(JAXBContextImpl.java:1111)
	at org.glassfish.jaxb.runtime.v2.ContextFactory.createContext(ContextFactory.java:140)
	at java.base/jdk.internal.reflect.DirectMethodHandleAccessor.invoke(DirectMethodHandleAccessor.java:104)
	at java.base/java.lang.reflect.Method.invoke(Method.java:578)
	at jakarta.xml.bind.ContextFinder.newInstance(ContextFinder.java:274)
	at jakarta.xml.bind.ContextFinder.newInstance(ContextFinder.java:263)
	at jakarta.xml.bind.ContextFinder.find(ContextFinder.java:395)
	at jakarta.xml.bind.JAXBContext.newInstance(JAXBContext.java:691)
	at jakarta.xml.bind.JAXBContext.newInstance(JAXBContext.java:632)
	at de.gurkenlabs.litiengine.util.io.XmlUtilities.getContext(XmlUtilities.java:78)
	at de.gurkenlabs.litiengine.resources.ResourceBundle.getResourceBundle(ResourceBundle.java:225)
	at de.gurkenlabs.litiengine.resources.ResourceBundle.load(ResourceBundle.java:88)
	at de.gurkenlabs.litiengine.resources.Resources.load(Resources.java:173)
	at de.gurkenlabs.litiengine.resources.Resources.load(Resources.java:160)
	at fruit.ninja.webcam.v2.Main.main(Main.java:26)

